#
# A fatal error has been detected by the Java Runtime Environment:
#
#  SIGSEGV (0xb) at pc=0x000000011f255445, pid=10285, tid=0x0000000000000307
#
# JRE version: Java(TM) SE Runtime Environment (8.0_211-b12) (build 1.8.0_211-b12)
# Java VM: Java HotSpot(TM) 64-Bit Server VM (25.211-b12 mixed mode bsd-amd64 compressed oops)
# Problematic frame:
# C  [libglass.dylib+0x5445]  -[GlassApplication applicationWillHide:]+0xd5
#
# Failed to write core dump. Core dumps have been disabled. To enable core dumping, try "ulimit -c unlimited" before starting Java again
#
# If you would like to submit a bug report, please visit:
#   http://bugreport.java.com/bugreport/crash.jsp
#

---------------  T H R E A D  ---------------

Current thread is native thread

siginfo: si_signo: 11 (SIGSEGV), si_code: 1 (SEGV_MAPERR), si_addr: 0x0000000000000000

Registers:
RAX=0x00007fcbbb50b3c0, RBX=0x0000000000000000, RCX=0x00007fcbbc1870c0, RDX=0x0000000000000000
RSP=0x00007ffeea067e40, RBP=0x00007ffeea068270, RSI=0x00007fcbbc187000, RDI=0x00007fcbbc1870b8
R8 =0x0000000000000000, R9 =0x00007fcbbb50b3c0, R10=0x00007fff8684b630, R11=0x00007fff2fba8857
R12=0x00007fff6382b000, R13=0x0000000000000000, R14=0x00007fcbbb648f10, R15=0x00007fcbbb50b3c0
RIP=0x000000011f255445, EFLAGS=0x0000000000010206, ERR=0x0000000000000004
  TRAPNO=0x000000000000000e

Top of Stack: (sp=0x00007ffeea067e40)
0x00007ffeea067e40:   000000011f2553e5 00007fff2d54035f
0x00007ffeea067e50:   00007fff2d5402f3 00007fff2d540268
0x00007ffeea067e60:   00007fff2d53febe 00007fff2d50f7e2
0x00007ffeea067e70:   00007fff2d50ec82 00007fff2fb94a02
0x00007ffeea067e80:   00007fff2a9cff29 00007fff2a944ec6
0x00007ffeea067e90:   00007fff2c078711 00007fff2c077ae0
0x00007ffeea067ea0:   00007fff2c08d048 00007fff2a71138e
0x00007ffeea067eb0:   00007fff2a70f690 00007fff2a7013ae
0x00007ffeea067ec0:   000000012153ef72 0000000123aa10bf
0x00007ffeea067ed0:   00007fff2fc2788b 00007fff2d54ab21
0x00007ffeea067ee0:   00007fff2d54aac0 00007fff2d54a8d4
0x00007ffeea067ef0:   00007fff2d549740 00007fff2d548bd3
0x00007ffeea067f00:   0000000105b9946e 0000000105b9503c
0x00007ffeea067f10:   0000000105b9b4cb 0000000105b94894
0x00007ffeea067f20:   0000000000000000 0000000000000000
0x00007ffeea067f30:   0000000000000000 0000000000000000
0x00007ffeea067f40:   0000000000000000 0000000000000000
0x00007ffeea067f50:   0000000000000000 0000000000000000
0x00007ffeea067f60:   0000000000000000 0000000000000000
0x00007ffeea067f70:   0000000000000000 0000000000000000
0x00007ffeea067f80:   0000000000000000 0000000000000000
0x00007ffeea067f90:   0000000000000000 0000000000000000
0x00007ffeea067fa0:   0000000000000000 0000000000000000
0x00007ffeea067fb0:   0000000000000000 0000000000000000
0x00007ffeea067fc0:   0000000000000000 0000000000000000
0x00007ffeea067fd0:   0000000000000000 0000000000000000
0x00007ffeea067fe0:   0000000000000000 0000000000000000
0x00007ffeea067ff0:   0000000000000000 0000000000000000
0x00007ffeea068000:   0000000000000000 0000000000000000
0x00007ffeea068010:   0000000000000000 0000000000000000
0x00007ffeea068020:   0000000000000000 0000000000000000
0x00007ffeea068030:   0000000000000000 0000000000000000 

Instructions: (pc=0x000000011f255445)
0x000000011f255425:   8b 35 b5 a0 03 00 4c 8b 25 4e 1d 03 00 41 ff d4
0x000000011f255435:   48 8b 35 54 a0 03 00 48 89 c7 41 ff d4 49 89 c7
0x000000011f255445:   48 8b 03 4c 8b a8 e8 01 00 00 48 8b 05 82 b5 03
0x000000011f255455:   00 4d 8b 34 06 48 8b 3d b7 b2 03 00 48 8b 35 b0 

Register to memory mapping:

RAX=0x00007fcbbb50b3c0 is an unknown value
RBX=0x0000000000000000 is an unknown value
RCX=0x00007fcbbc1870c0 is an unknown value
RDX=0x0000000000000000 is an unknown value
RSP=0x00007ffeea067e40 is an unknown value
RBP=0x00007ffeea068270 is an unknown value
RSI=0x00007fcbbc187000 is an unknown value
RDI=0x00007fcbbc1870b8 is an unknown value
R8 =0x0000000000000000 is an unknown value
R9 =0x00007fcbbb50b3c0 is an unknown value
R10=0x00007fff8684b630: OBJC_CLASS_$_NSAutoreleasePool+0 in /System/Library/Frameworks/Foundation.framework/Versions/C/Foundation at 0x00007fff2fb8b000
R11=0x00007fff2fba8857: -[NSAutoreleasePool init]+0 in /System/Library/Frameworks/Foundation.framework/Versions/C/Foundation at 0x00007fff2fb8b000
R12=0x00007fff6382b000: objc_msgSend+0 in /usr/lib/libobjc.A.dylib at 0x00007fff63825000
R13=0x0000000000000000 is an unknown value
R14=0x00007fcbbb648f10 is an unknown value
R15=0x00007fcbbb50b3c0 is an unknown value


Stack: [0x00007ffee986d000,0x00007ffeea06d000],  sp=0x00007ffeea067e40,  free space=8171k
Native frames: (J=compiled Java code, j=interpreted, Vv=VM code, C=native code)
C  [libglass.dylib+0x5445]  -[GlassApplication applicationWillHide:]+0xd5
C  [CoreFoundation+0x7a35f]  __CFNOTIFICATIONCENTER_IS_CALLING_OUT_TO_AN_OBSERVER__+0xc
C  [CoreFoundation+0x7a2f3]  ___CFXRegistrationPost1_block_invoke+0x3f
C  [CoreFoundation+0x7a268]  _CFXRegistrationPost1+0x174
C  [CoreFoundation+0x79ebe]  ___CFXNotificationPost_block_invoke+0x61
C  [CoreFoundation+0x497e2]  -[_CFXNotificationRegistrar find:object:observer:enumerator:]+0x627
C  [CoreFoundation+0x48c82]  _CFXNotificationPost+0x547
C  [Foundation+0x9a02]  -[NSNotificationCenter postNotificationName:object:userInfo:]+0x3b
C  [AppKit+0x2fff29]  -[NSApplication _doHideMaybeFakingIt:]+0x118
C  [AppKit+0x274ec6]  _hideShowHandler+0x8a
C  [HIToolbox+0x8711]  DispatchEventToHandlers(EventTargetRec*, OpaqueEventRef*, HandlerCallRec*)+0x58b
C  [HIToolbox+0x7ae0]  SendEventToEventTargetInternal(OpaqueEventRef*, OpaqueEventTargetRef*, HandlerCallRec*)+0x152
C  [HIToolbox+0x1d048]  SendEventToEventTarget+0x27
C  [AppKit+0x4138e]  _DPSNextEvent+0x8b8
C  [AppKit+0x3f690]  -[NSApplication(NSEvent) _nextEventMatchingEventMask:untilDate:inMode:dequeue:]+0x548
C  [AppKit+0x313ae]  -[NSApplication run]+0x292
C  [libosxapp.dylib+0x1f72]  +[NSApplicationAWT runAWTLoopWithApp:]+0x9c
C  [libawt_lwawt.dylib+0x480bf]  -[AWTStarter starter:]+0x389
C  [Foundation+0x9c88b]  __NSThreadPerformPerform+0xfe
C  [CoreFoundation+0x84b21]  __CFRUNLOOP_IS_CALLING_OUT_TO_A_SOURCE0_PERFORM_FUNCTION__+0x11
C  [CoreFoundation+0x84ac0]  __CFRunLoopDoSource0+0x67
C  [CoreFoundation+0x848d4]  __CFRunLoopDoSources0+0xd1
C  [CoreFoundation+0x83740]  __CFRunLoopRun+0x4f8
C  [CoreFoundation+0x82bd3]  CFRunLoopRunSpecific+0x1f3
C  [java+0x646e]  CreateExecutionEnvironment+0x367
C  [java+0x203c]  JLI_Launch+0x7a0
C  [java+0x84cb]  main+0x65
C  [java+0x1894]  start+0x34


---------------  P R O C E S S  ---------------

VM state:not at safepoint (normal execution)

VM Mutex/Monitor currently owned by a thread: None

heap address: 0x0000000740000000, size: 2048 MB, Compressed Oops mode: Zero based, Oop shift amount: 3
Narrow klass base: 0x0000000000000000, Narrow klass shift: 3
Compressed class space size: 1073741824 Address: 0x00000007c0000000

Heap:
 PSYoungGen      total 355840K, used 326669K [0x0000000795580000, 0x00000007abb00000, 0x00000007c0000000)
  eden space 353280K, 92% used [0x0000000795580000,0x00000007a9323450,0x00000007aae80000)
  from space 2560K, 55% used [0x00000007ab100000,0x00000007ab260050,0x00000007ab380000)
  to   space 2560K, 0% used [0x00000007aae80000,0x00000007aae80000,0x00000007ab100000)
 ParOldGen       total 83968K, used 71372K [0x0000000740000000, 0x0000000745200000, 0x0000000795580000)
  object space 83968K, 84% used [0x0000000740000000,0x00000007445b3080,0x0000000745200000)
 Metaspace       used 18575K, capacity 19552K, committed 19712K, reserved 1067008K
  class space    used 2492K, capacity 2701K, committed 2816K, reserved 1048576K

Card table byte_map: [0x0000000107829000,0x0000000107c2a000] byte_map_base: 0x0000000103e29000

Marking Bits: (ParMarkBitMap*) 0x0000000106cfbe40
 Begin Bits: [0x0000000107ed5000, 0x0000000109ed5000)
 End Bits:   [0x0000000109ed5000, 0x000000010bed5000)

Polling page: 0x0000000105bcc000

CodeCache: size=245760Kb used=10295Kb max_used=10315Kb free=235464Kb
 bounds [0x000000010c3e7000, 0x000000010ce17000, 0x000000011b3e7000]
 total_blobs=3833 nmethods=3156 adapters=590
 compilation: enabled

Compilation events (10 events):
Event: 722.414 Thread 0x00007fcbbc827000 3645       4       java.util.TimSort::mergeHi (732 bytes)
Event: 722.452 Thread 0x00007fcbbc827000 nmethod 3645 0x000000010cdfcd90 code [0x000000010cdfcfc0, 0x000000010cdfeff8]
Event: 941.007 Thread 0x00007fcbbb865800 3646       4       sample.controllers.GaController::printGenerationNumber (11 bytes)
Event: 941.007 Thread 0x00007fcbbb865800 nmethod 3646 0x000000010c5d6ad0 code [0x000000010c5d6c20, 0x000000010c5d6d28]
Event: 941.133 Thread 0x00007fcbbc827000 3647       4       sample.diffCodes.GeneticAlgorithm::willTerminate (71 bytes)
Event: 941.133 Thread 0x00007fcbbb865800 3648       4       sample.controllers.GaController::printFitnessValue (11 bytes)
Event: 941.134 Thread 0x00007fcbbb865800 nmethod 3648 0x000000010cde2290 code [0x000000010cde23e0, 0x000000010cde24e8]
Event: 941.134 Thread 0x00007fcbbc827000 nmethod 3647 0x000000010ca5ddd0 code [0x000000010ca5df20, 0x000000010ca5e028]
Event: 1046.339 Thread 0x00007fcbbd038000 3649       3       sun.reflect.ConstructorAccessorImpl::<init> (5 bytes)
Event: 1046.340 Thread 0x00007fcbbd038000 nmethod 3649 0x000000010cdfc890 code [0x000000010cdfca00, 0x000000010cdfcc10]

GC Heap History (10 events):
Event: 1045.667 GC heap before
{Heap before GC invocations=5992 (full 72):
 PSYoungGen      total 277504K, used 277312K [0x0000000795580000, 0x00000007a8900000, 0x00000007c0000000)
  eden space 276480K, 100% used [0x0000000795580000,0x00000007a6380000,0x00000007a6380000)
  from space 1024K, 81% used [0x00000007a8500000,0x00000007a85d0030,0x00000007a8600000)
  to   space 2560K, 0% used [0x00000007a8680000,0x00000007a8680000,0x00000007a8900000)
 ParOldGen       total 83968K, used 67715K [0x0000000740000000, 0x0000000745200000, 0x0000000795580000)
  object space 83968K, 80% used [0x0000000740000000,0x0000000744220fa0,0x0000000745200000)
 Metaspace       used 18470K, capacity 19454K, committed 19584K, reserved 1067008K
  class space    used 2481K, capacity 2668K, committed 2688K, reserved 1048576K
Event: 1045.668 GC heap after
Heap after GC invocations=5992 (full 72):
 PSYoungGen      total 267264K, used 1120K [0x0000000795580000, 0x00000007a8800000, 0x00000007c0000000)
  eden space 265728K, 0% used [0x0000000795580000,0x0000000795580000,0x00000007a5900000)
  from space 1536K, 72% used [0x00000007a8680000,0x00000007a8798040,0x00000007a8800000)
  to   space 2560K, 0% used [0x00000007a8300000,0x00000007a8300000,0x00000007a8580000)
 ParOldGen       total 83968K, used 68507K [0x0000000740000000, 0x0000000745200000, 0x0000000795580000)
  object space 83968K, 81% used [0x0000000740000000,0x00000007442e6fd0,0x0000000745200000)
 Metaspace       used 18470K, capacity 19454K, committed 19584K, reserved 1067008K
  class space    used 2481K, capacity 2668K, committed 2688K, reserved 1048576K
}
Event: 1045.791 GC heap before
{Heap before GC invocations=5993 (full 72):
 PSYoungGen      total 267264K, used 266848K [0x0000000795580000, 0x00000007a8800000, 0x00000007c0000000)
  eden space 265728K, 100% used [0x0000000795580000,0x00000007a5900000,0x00000007a5900000)
  from space 1536K, 72% used [0x00000007a8680000,0x00000007a8798040,0x00000007a8800000)
  to   space 2560K, 0% used [0x00000007a8300000,0x00000007a8300000,0x00000007a8580000)
 ParOldGen       total 83968K, used 68507K [0x0000000740000000, 0x0000000745200000, 0x0000000795580000)
  object space 83968K, 81% used [0x0000000740000000,0x00000007442e6fd0,0x0000000745200000)
 Metaspace       used 18470K, capacity 19454K, committed 19584K, reserved 1067008K
  class space    used 2481K, capacity 2668K, committed 2688K, reserved 1048576K
Event: 1045.792 GC heap after
Heap after GC invocations=5993 (full 72):
 PSYoungGen      total 256512K, used 864K [0x0000000795580000, 0x00000007a8700000, 0x00000007c0000000)
  eden space 255488K, 0% used [0x0000000795580000,0x0000000795580000,0x00000007a4f00000)
  from space 1024K, 84% used [0x00000007a8300000,0x00000007a83d8030,0x00000007a8400000)
  to   space 2048K, 0% used [0x00000007a8500000,0x00000007a8500000,0x00000007a8700000)
 ParOldGen       total 83968K, used 69292K [0x0000000740000000, 0x0000000745200000, 0x0000000795580000)
  object space 83968K, 82% used [0x0000000740000000,0x00000007443ab000,0x0000000745200000)
 Metaspace       used 18470K, capacity 19454K, committed 19584K, reserved 1067008K
  class space    used 2481K, capacity 2668K, committed 2688K, reserved 1048576K
}
Event: 1045.903 GC heap before
{Heap before GC invocations=5994 (full 72):
 PSYoungGen      total 256512K, used 256352K [0x0000000795580000, 0x00000007a8700000, 0x00000007c0000000)
  eden space 255488K, 100% used [0x0000000795580000,0x00000007a4f00000,0x00000007a4f00000)
  from space 1024K, 84% used [0x00000007a8300000,0x00000007a83d8030,0x00000007a8400000)
  to   space 2048K, 0% used [0x00000007a8500000,0x00000007a8500000,0x00000007a8700000)
 ParOldGen       total 83968K, used 69292K [0x0000000740000000, 0x0000000745200000, 0x0000000795580000)
  object space 83968K, 82% used [0x0000000740000000,0x00000007443ab000,0x0000000745200000)
 Metaspace       used 18470K, capacity 19454K, committed 19584K, reserved 1067008K
  class space    used 2481K, capacity 2668K, committed 2688K, reserved 1048576K
Event: 1045.905 GC heap after
Heap after GC invocations=5994 (full 72):
 PSYoungGen      total 301056K, used 64K [0x0000000795580000, 0x00000007a8580000, 0x00000007c0000000)
  eden space 300544K, 0% used [0x0000000795580000,0x0000000795580000,0x00000007a7b00000)
  from space 512K, 12% used [0x00000007a8500000,0x00000007a8510000,0x00000007a8580000)
  to   space 2048K, 0% used [0x00000007a8180000,0x00000007a8180000,0x00000007a8380000)
 ParOldGen       total 83968K, used 70076K [0x0000000740000000, 0x0000000745200000, 0x0000000795580000)
  object space 83968K, 83% used [0x0000000740000000,0x000000074446f030,0x0000000745200000)
 Metaspace       used 18470K, capacity 19454K, committed 19584K, reserved 1067008K
  class space    used 2481K, capacity 2668K, committed 2688K, reserved 1048576K
}
Event: 1046.044 GC heap before
{Heap before GC invocations=5995 (full 72):
 PSYoungGen      total 301056K, used 300608K [0x0000000795580000, 0x00000007a8580000, 0x00000007c0000000)
  eden space 300544K, 100% used [0x0000000795580000,0x00000007a7b00000,0x00000007a7b00000)
  from space 512K, 12% used [0x00000007a8500000,0x00000007a8510000,0x00000007a8580000)
  to   space 2048K, 0% used [0x00000007a8180000,0x00000007a8180000,0x00000007a8380000)
 ParOldGen       total 83968K, used 70076K [0x0000000740000000, 0x0000000745200000, 0x0000000795580000)
  object space 83968K, 83% used [0x0000000740000000,0x000000074446f030,0x0000000745200000)
 Metaspace       used 18470K, capacity 19454K, committed 19584K, reserved 1067008K
  class space    used 2481K, capacity 2668K, committed 2688K, reserved 1048576K
Event: 1046.045 GC heap after
Heap after GC invocations=5995 (full 72):
 PSYoungGen      total 309248K, used 1376K [0x0000000795580000, 0x00000007ab380000, 0x00000007c0000000)
  eden space 307200K, 0% used [0x0000000795580000,0x0000000795580000,0x00000007a8180000)
  from space 2048K, 67% used [0x00000007a8180000,0x00000007a82d8050,0x00000007a8380000)
  to   space 2560K, 0% used [0x00000007ab100000,0x00000007ab100000,0x00000007ab380000)
 ParOldGen       total 83968K, used 70076K [0x0000000740000000, 0x0000000745200000, 0x0000000795580000)
  object space 83968K, 83% used [0x0000000740000000,0x000000074446f030,0x0000000745200000)
 Metaspace       used 18470K, capacity 19454K, committed 19584K, reserved 1067008K
  class space    used 2481K, capacity 2668K, committed 2688K, reserved 1048576K
}
Event: 1046.184 GC heap before
{Heap before GC invocations=5996 (full 72):
 PSYoungGen      total 309248K, used 308576K [0x0000000795580000, 0x00000007ab380000, 0x00000007c0000000)
  eden space 307200K, 100% used [0x0000000795580000,0x00000007a8180000,0x00000007a8180000)
  from space 2048K, 67% used [0x00000007a8180000,0x00000007a82d8050,0x00000007a8380000)
  to   space 2560K, 0% used [0x00000007ab100000,0x00000007ab100000,0x00000007ab380000)
 ParOldGen       total 83968K, used 70076K [0x0000000740000000, 0x0000000745200000, 0x0000000795580000)
  object space 83968K, 83% used [0x0000000740000000,0x000000074446f030,0x0000000745200000)
 Metaspace       used 18470K, capacity 19454K, committed 19584K, reserved 1067008K
  class space    used 2481K, capacity 2668K, committed 2688K, reserved 1048576K
Event: 1046.186 GC heap after
Heap after GC invocations=5996 (full 72):
 PSYoungGen      total 355840K, used 1408K [0x0000000795580000, 0x00000007abb00000, 0x00000007c0000000)
  eden space 353280K, 0% used [0x0000000795580000,0x0000000795580000,0x00000007aae80000)
  from space 2560K, 55% used [0x00000007ab100000,0x00000007ab260050,0x00000007ab380000)
  to   space 2560K, 0% used [0x00000007aae80000,0x00000007aae80000,0x00000007ab100000)
 ParOldGen       total 83968K, used 71372K [0x0000000740000000, 0x0000000745200000, 0x0000000795580000)
  object space 83968K, 84% used [0x0000000740000000,0x00000007445b3080,0x0000000745200000)
 Metaspace       used 18470K, capacity 19454K, committed 19584K, reserved 1067008K
  class space    used 2481K, capacity 2668K, committed 2688K, reserved 1048576K
}

Deoptimization events (10 events):
Event: 602.904 Thread 0x00007fcbbf009800 Uncommon trap: reason=array_check action=maybe_recompile pc=0x000000010cdfb484 method=java.util.TimSort.mergeHi(IIII)V @ 250
Event: 613.626 Thread 0x00007fcbbf009800 Uncommon trap: reason=array_check action=maybe_recompile pc=0x000000010ce01944 method=java.util.TimSort.mergeHi(IIII)V @ 657
Event: 613.866 Thread 0x00007fcbbf009800 Uncommon trap: reason=array_check action=maybe_recompile pc=0x000000010ce01944 method=java.util.TimSort.mergeHi(IIII)V @ 657
Event: 627.446 Thread 0x00007fcbbf009800 Uncommon trap: reason=array_check action=maybe_recompile pc=0x000000010ce049f4 method=java.util.TimSort.mergeHi(IIII)V @ 419
Event: 629.461 Thread 0x00007fcbbf009800 Uncommon trap: reason=array_check action=maybe_recompile pc=0x000000010ce049f4 method=java.util.TimSort.mergeHi(IIII)V @ 419
Event: 661.094 Thread 0x00007fcbbf009800 Uncommon trap: reason=array_check action=maybe_recompile pc=0x000000010ce07a74 method=java.util.TimSort.mergeHi(IIII)V @ 524
Event: 663.553 Thread 0x00007fcbbf009800 Uncommon trap: reason=array_check action=maybe_recompile pc=0x000000010ce07a74 method=java.util.TimSort.mergeHi(IIII)V @ 524
Event: 682.765 Thread 0x00007fcbbf009800 Uncommon trap: reason=array_check action=maybe_recompile pc=0x000000010ce0ac84 method=java.util.TimSort.mergeHi(IIII)V @ 171
Event: 717.590 Thread 0x00007fcbbf009800 Uncommon trap: reason=array_check action=maybe_recompile pc=0x000000010ce0ac84 method=java.util.TimSort.mergeHi(IIII)V @ 171
Event: 1046.329 Thread 0x00007fcbbf009800 Uncommon trap: reason=unstable_if action=reinterpret pc=0x000000010ca5dfc0 method=sample.diffCodes.GeneticAlgorithm.willTerminate(Lsample/diffCodes/CodesPopulation;)Z @ 49

Classes redefined (0 events):
No events

Internal exceptions (10 events):
Event: 0.385 Thread 0x00007fcbbd004000 Exception <a 'java/security/PrivilegedActionException'> (0x0000000795a201f8) thrown at [/Users/java_re/workspace/8-2-build-macosx-x86_64/jdk8u211/12973/hotspot/src/share/vm/prims/jvm.cpp, line 1502]
Event: 0.386 Thread 0x00007fcbbd004000 Exception <a 'java/security/PrivilegedActionException'> (0x0000000795a23528) thrown at [/Users/java_re/workspace/8-2-build-macosx-x86_64/jdk8u211/12973/hotspot/src/share/vm/prims/jvm.cpp, line 1502]
Event: 0.386 Thread 0x00007fcbbd004000 Exception <a 'java/security/PrivilegedActionException'> (0x0000000795a23738) thrown at [/Users/java_re/workspace/8-2-build-macosx-x86_64/jdk8u211/12973/hotspot/src/share/vm/prims/jvm.cpp, line 1502]
Event: 0.386 Thread 0x00007fcbbd004000 Exception <a 'java/lang/NullPointerException'> (0x0000000795a24358) thrown at [/Users/java_re/workspace/8-2-build-macosx-x86_64/jdk8u211/12973/hotspot/src/share/vm/interpreter/linkResolver.cpp, line 1185]
Event: 1.086 Thread 0x00007fcbbc174000 Exception <a 'java/lang/NullPointerException'> (0x0000000796832368) thrown at [/Users/java_re/workspace/8-2-build-macosx-x86_64/jdk8u211/12973/hotspot/src/share/vm/interpreter/linkResolver.cpp, line 1185]
Event: 1.086 Thread 0x00007fcbbc174000 Exception <a 'java/lang/NullPointerException'> (0x0000000796832368) thrown at [/Users/java_re/workspace/8-2-build-macosx-x86_64/jdk8u211/12973/hotspot/src/share/vm/prims/jvm.cpp, line 1506]
Event: 1.252 Thread 0x00007fcbbc174000 Exception <a 'java/lang/ArrayIndexOutOfBoundsException'> (0x0000000796e94738) thrown at [/Users/java_re/workspace/8-2-build-macosx-x86_64/jdk8u211/12973/hotspot/src/share/vm/runtime/sharedRuntime.cpp, line 605]
Event: 1.252 Thread 0x00007fcbbc174000 Exception <a 'java/lang/ArrayIndexOutOfBoundsException'> (0x0000000796e96b18) thrown at [/Users/java_re/workspace/8-2-build-macosx-x86_64/jdk8u211/12973/hotspot/src/share/vm/runtime/sharedRuntime.cpp, line 605]
Event: 1.252 Thread 0x00007fcbbc174000 Exception <a 'java/lang/ArrayIndexOutOfBoundsException'> (0x0000000796e989c0) thrown at [/Users/java_re/workspace/8-2-build-macosx-x86_64/jdk8u211/12973/hotspot/src/share/vm/runtime/sharedRuntime.cpp, line 605]
Event: 1.416 Thread 0x00007fcbbc174000 Implicit null exception at 0x000000010c661535 to 0x000000010c661731

Events (10 events):
Event: 1046.362 loading class java/lang/ProcessEnvironment$Variable
Event: 1046.362 loading class java/lang/ProcessEnvironment$ExternalData
Event: 1046.363 loading class java/lang/ProcessEnvironment$ExternalData done
Event: 1046.363 loading class java/lang/ProcessEnvironment$Variable done
Event: 1046.363 loading class java/lang/ProcessEnvironment$Value
Event: 1046.363 loading class java/lang/ProcessEnvironment$Value done
Event: 1046.363 loading class java/lang/ProcessEnvironment$StringEnvironment
Event: 1046.363 loading class java/lang/ProcessEnvironment$StringEnvironment done
Event: 1046.363 loading class java/util/Collections$UnmodifiableMap
Event: 1046.363 loading class java/util/Collections$UnmodifiableMap done


Dynamic libraries:
0x00007fff2c550000 	/System/Library/Frameworks/Cocoa.framework/Versions/A/Cocoa
0x00007fff39b1c000 	/System/Library/Frameworks/Security.framework/Versions/A/Security
0x00007fff2b4db000 	/System/Library/Frameworks/ApplicationServices.framework/Versions/A/ApplicationServices
0x00007fff63f01000 	/usr/lib/libz.1.dylib
0x00007fff619d4000 	/usr/lib/libSystem.B.dylib
0x00007fff63825000 	/usr/lib/libobjc.A.dylib
0x00007fff2d4c6000 	/System/Library/Frameworks/CoreFoundation.framework/Versions/A/CoreFoundation
0x00007fff2fb8b000 	/System/Library/Frameworks/Foundation.framework/Versions/C/Foundation
0x00007fff2a6d0000 	/System/Library/Frameworks/AppKit.framework/Versions/C/AppKit
0x00007fff2cfd3000 	/System/Library/Frameworks/CoreData.framework/Versions/A/CoreData
0x00007fff5e27f000 	/System/Library/PrivateFrameworks/UIFoundation.framework/Versions/A/UIFoundation
0x00007fff58a6a000 	/System/Library/PrivateFrameworks/RemoteViewServices.framework/Versions/A/RemoteViewServices
0x00007fff60d0f000 	/System/Library/PrivateFrameworks/XCTTargetBootstrap.framework/Versions/A/XCTTargetBootstrap
0x00007fff2d3b6000 	/System/Library/Frameworks/CoreDisplay.framework/Versions/A/CoreDisplay
0x00007fff32903000 	/System/Library/Frameworks/Metal.framework/Versions/A/Metal
0x00007fff46e8b000 	/System/Library/PrivateFrameworks/DesktopServicesPriv.framework/Versions/A/DesktopServicesPriv
0x00007fff62b0a000 	/usr/lib/liblangid.dylib
0x00007fff45fe2000 	/System/Library/PrivateFrameworks/CoreSVG.framework/Versions/A/CoreSVG
0x00007fff5b82c000 	/System/Library/PrivateFrameworks/SkyLight.framework/Versions/A/SkyLight
0x00007fff2d948000 	/System/Library/Frameworks/CoreGraphics.framework/Versions/A/CoreGraphics
0x00007fff2926f000 	/System/Library/Frameworks/Accelerate.framework/Versions/A/Accelerate
0x00007fff63df2000 	/usr/lib/libxml2.2.dylib
0x00007fff51ba9000 	/System/Library/PrivateFrameworks/IconServices.framework/Versions/A/IconServices
0x00007fff3036f000 	/System/Library/Frameworks/IOSurface.framework/Versions/A/IOSurface
0x00007fff6150c000 	/usr/lib/libDiagnosticMessagesClient.dylib
0x00007fff46d04000 	/System/Library/PrivateFrameworks/DFRFoundation.framework/Versions/A/DFRFoundation
0x00007fff62898000 	/usr/lib/libicucore.A.dylib
0x00007fff2b80d000 	/System/Library/Frameworks/AudioToolbox.framework/Versions/A/AudioToolbox
0x00007fff2b8ef000 	/System/Library/Frameworks/AudioUnit.framework/Versions/A/AudioUnit
0x00007fff61bd5000 	/usr/lib/libauto.dylib
0x00007fff46d85000 	/System/Library/PrivateFrameworks/DataDetectorsCore.framework/Versions/A/DataDetectorsCore
0x00007fff2c070000 	/System/Library/Frameworks/Carbon.framework/Versions/A/Frameworks/HIToolbox.framework/Versions/A/HIToolbox
0x00007fff38d4e000 	/System/Library/Frameworks/QuartzCore.framework/Versions/A/QuartzCore
0x00007fff2c3af000 	/System/Library/Frameworks/Carbon.framework/Versions/A/Frameworks/SpeechRecognition.framework/Versions/A/SpeechRecognition
0x00007fff4668a000 	/System/Library/PrivateFrameworks/CoreUI.framework/Versions/A/CoreUI
0x00007fff2ca39000 	/System/Library/Frameworks/CoreAudio.framework/Versions/A/CoreAudio
0x00007fff2f853000 	/System/Library/Frameworks/DiskArbitration.framework/Versions/A/DiskArbitration
0x00007fff53bbd000 	/System/Library/PrivateFrameworks/MultitouchSupport.framework/Versions/A/MultitouchSupport
0x00007fff6275e000 	/usr/lib/libenergytrace.dylib
0x00007fff302ca000 	/System/Library/Frameworks/IOKit.framework/Versions/A/IOKit
0x00007fff2e8b6000 	/System/Library/Frameworks/CoreServices.framework/Versions/A/CoreServices
0x00007fff55cc7000 	/System/Library/PrivateFrameworks/PerformanceAnalysis.framework/Versions/A/PerformanceAnalysis
0x00007fff37d84000 	/System/Library/Frameworks/OpenGL.framework/Versions/A/OpenGL
0x00007fff2c55e000 	/System/Library/Frameworks/ColorSync.framework/Versions/A/ColorSync
0x00007fff2dfcf000 	/System/Library/Frameworks/CoreImage.framework/Versions/A/CoreImage
0x00007fff2f32c000 	/System/Library/Frameworks/CoreText.framework/Versions/A/CoreText
0x00007fff303f5000 	/System/Library/Frameworks/ImageIO.framework/Versions/A/ImageIO
0x00007fff61cba000 	/usr/lib/libc++.1.dylib
0x00007fff61d36000 	/usr/lib/libcompression.dylib
0x00007fff6184e000 	/usr/lib/libMobileGestalt.dylib
0x00007fff5d361000 	/System/Library/PrivateFrameworks/TextureIO.framework/Versions/A/TextureIO
0x00007fff61b3b000 	/usr/lib/libate.dylib
0x00007fff51db2000 	/System/Library/PrivateFrameworks/InternationalSupport.framework/Versions/A/InternationalSupport
0x00007fff64977000 	/usr/lib/system/libcache.dylib
0x00007fff6497d000 	/usr/lib/system/libcommonCrypto.dylib
0x00007fff64989000 	/usr/lib/system/libcompiler_rt.dylib
0x00007fff64991000 	/usr/lib/system/libcopyfile.dylib
0x00007fff6499b000 	/usr/lib/system/libcorecrypto.dylib
0x00007fff64b49000 	/usr/lib/system/libdispatch.dylib
0x00007fff64b8b000 	/usr/lib/system/libdyld.dylib
0x00007fff64bc1000 	/usr/lib/system/libkeymgr.dylib
0x00007fff64bcf000 	/usr/lib/system/liblaunch.dylib
0x00007fff64bd0000 	/usr/lib/system/libmacho.dylib
0x00007fff64bd6000 	/usr/lib/system/libquarantine.dylib
0x00007fff64bd9000 	/usr/lib/system/libremovefile.dylib
0x00007fff64bdb000 	/usr/lib/system/libsystem_asl.dylib
0x00007fff64bf3000 	/usr/lib/system/libsystem_blocks.dylib
0x00007fff64bf4000 	/usr/lib/system/libsystem_c.dylib
0x00007fff64c7c000 	/usr/lib/system/libsystem_configuration.dylib
0x00007fff64c80000 	/usr/lib/system/libsystem_coreservices.dylib
0x00007fff64c84000 	/usr/lib/system/libsystem_darwin.dylib
0x00007fff64c8d000 	/usr/lib/system/libsystem_dnssd.dylib
0x00007fff64c95000 	/usr/lib/system/libsystem_featureflags.dylib
0x00007fff64c97000 	/usr/lib/system/libsystem_info.dylib
0x00007fff64d12000 	/usr/lib/system/libsystem_m.dylib
0x00007fff64d5a000 	/usr/lib/system/libsystem_malloc.dylib
0x00007fff64d82000 	/usr/lib/system/libsystem_networkextension.dylib
0x00007fff64d90000 	/usr/lib/system/libsystem_notify.dylib
0x00007fff64daf000 	/usr/lib/system/libsystem_sandbox.dylib
0x00007fff64db4000 	/usr/lib/system/libsystem_secinit.dylib
0x00007fff64ce5000 	/usr/lib/system/libsystem_kernel.dylib
0x00007fff64d9a000 	/usr/lib/system/libsystem_platform.dylib
0x00007fff64da4000 	/usr/lib/system/libsystem_pthread.dylib
0x00007fff64db7000 	/usr/lib/system/libsystem_symptoms.dylib
0x00007fff64dbf000 	/usr/lib/system/libsystem_trace.dylib
0x00007fff64dd7000 	/usr/lib/system/libunwind.dylib
0x00007fff64ddd000 	/usr/lib/system/libxpc.dylib
0x00007fff61d0e000 	/usr/lib/libc++abi.dylib
0x00007fff62b0c000 	/usr/lib/liblzma.5.dylib
0x00007fff62786000 	/usr/lib/libfakelink.dylib
0x00007fff61ac8000 	/usr/lib/libarchive.2.dylib
0x00007fff3acbc000 	/System/Library/Frameworks/SystemConfiguration.framework/Versions/A/SystemConfiguration
0x00007fff6143d000 	/usr/lib/libCRFSuite.dylib
0x00007fff2bc65000 	/System/Library/Frameworks/CFNetwork.framework/Versions/A/CFNetwork
0x00007fff61c9c000 	/usr/lib/libbsm.0.dylib
0x00007fff64bc2000 	/usr/lib/system/libkxld.dylib
0x00007fff407c6000 	/System/Library/PrivateFrameworks/AppleFSCompression.framework/Versions/A/AppleFSCompression
0x00007fff6201d000 	/usr/lib/libcoretls.dylib
0x00007fff62034000 	/usr/lib/libcoretls_cfhelpers.dylib
0x00007fff63869000 	/usr/lib/libpam.2.dylib
0x00007fff6399c000 	/usr/lib/libsqlite3.dylib
0x00007fff63ddf000 	/usr/lib/libxar.1.dylib
0x00007fff61cad000 	/usr/lib/libbz2.1.0.dylib
0x00007fff627a7000 	/usr/lib/libiconv.2.dylib
0x00007fff61d23000 	/usr/lib/libcharset.1.dylib
0x00007fff63310000 	/usr/lib/libnetwork.dylib
0x00007fff63870000 	/usr/lib/libpcap.A.dylib
0x00007fff61a7d000 	/usr/lib/libapple_nghttp2.dylib
0x00007fff2ec6d000 	/System/Library/Frameworks/CoreServices.framework/Versions/A/Frameworks/FSEvents.framework/Versions/A/FSEvents
0x00007fff2e93d000 	/System/Library/Frameworks/CoreServices.framework/Versions/A/Frameworks/CarbonCore.framework/Versions/A/CarbonCore
0x00007fff2eeb0000 	/System/Library/Frameworks/CoreServices.framework/Versions/A/Frameworks/Metadata.framework/Versions/A/Metadata
0x00007fff2ef49000 	/System/Library/Frameworks/CoreServices.framework/Versions/A/Frameworks/OSServices.framework/Versions/A/OSServices
0x00007fff2ef77000 	/System/Library/Frameworks/CoreServices.framework/Versions/A/Frameworks/SearchKit.framework/Versions/A/SearchKit
0x00007fff2e8b7000 	/System/Library/Frameworks/CoreServices.framework/Versions/A/Frameworks/AE.framework/Versions/A/AE
0x00007fff2ec76000 	/System/Library/Frameworks/CoreServices.framework/Versions/A/Frameworks/LaunchServices.framework/Versions/A/LaunchServices
0x00007fff2ec1f000 	/System/Library/Frameworks/CoreServices.framework/Versions/A/Frameworks/DictionaryServices.framework/Versions/A/DictionaryServices
0x00007fff2efdf000 	/System/Library/Frameworks/CoreServices.framework/Versions/A/Frameworks/SharedFileList.framework/Versions/A/SharedFileList
0x00007fff33bd8000 	/System/Library/Frameworks/NetFS.framework/Versions/A/NetFS
0x00007fff540ea000 	/System/Library/PrivateFrameworks/NetAuth.framework/Versions/A/NetAuth
0x00007fff610da000 	/System/Library/PrivateFrameworks/login.framework/Versions/A/Frameworks/loginsupport.framework/Versions/A/loginsupport
0x00007fff5ce5c000 	/System/Library/PrivateFrameworks/TCC.framework/Versions/A/TCC
0x00007fff453b1000 	/System/Library/PrivateFrameworks/CoreNLP.framework/Versions/A/CoreNLP
0x00007fff535ed000 	/System/Library/PrivateFrameworks/MetadataUtilities.framework/Versions/A/MetadataUtilities
0x00007fff62be4000 	/usr/lib/libmecabra.dylib
0x00007fff62b3c000 	/usr/lib/libmecab.dylib
0x00007fff62797000 	/usr/lib/libgermantok.dylib
0x00007fff61a64000 	/usr/lib/libThaiTokenizer.dylib
0x00007fff61475000 	/usr/lib/libChineseTokenizer.dylib
0x00007fff29287000 	/System/Library/Frameworks/Accelerate.framework/Versions/A/Frameworks/vImage.framework/Versions/A/vImage
0x00007fff2a52a000 	/System/Library/Frameworks/Accelerate.framework/Versions/A/Frameworks/vecLib.framework/Versions/A/vecLib
0x00007fff2a46e000 	/System/Library/Frameworks/Accelerate.framework/Versions/A/Frameworks/vecLib.framework/Versions/A/libvMisc.dylib
0x00007fff2a294000 	/System/Library/Frameworks/Accelerate.framework/Versions/A/Frameworks/vecLib.framework/Versions/A/libvDSP.dylib
0x00007fff298f3000 	/System/Library/Frameworks/Accelerate.framework/Versions/A/Frameworks/vecLib.framework/Versions/A/libBLAS.dylib
0x00007fff29e4e000 	/System/Library/Frameworks/Accelerate.framework/Versions/A/Frameworks/vecLib.framework/Versions/A/libLAPACK.dylib
0x00007fff2a1f4000 	/System/Library/Frameworks/Accelerate.framework/Versions/A/Frameworks/vecLib.framework/Versions/A/libLinearAlgebra.dylib
0x00007fff2a281000 	/System/Library/Frameworks/Accelerate.framework/Versions/A/Frameworks/vecLib.framework/Versions/A/libSparseBLAS.dylib
0x00007fff2a20a000 	/System/Library/Frameworks/Accelerate.framework/Versions/A/Frameworks/vecLib.framework/Versions/A/libQuadrature.dylib
0x00007fff29b5d000 	/System/Library/Frameworks/Accelerate.framework/Versions/A/Frameworks/vecLib.framework/Versions/A/libBNNS.dylib
0x00007fff2a210000 	/System/Library/Frameworks/Accelerate.framework/Versions/A/Frameworks/vecLib.framework/Versions/A/libSparse.dylib
0x00007fff52171000 	/System/Library/PrivateFrameworks/LanguageModeling.framework/Versions/A/LanguageModeling
0x00007fff44d4d000 	/System/Library/PrivateFrameworks/CoreEmoji.framework/Versions/A/CoreEmoji
0x00007fff5228f000 	/System/Library/PrivateFrameworks/LinguisticData.framework/Versions/A/LinguisticData
0x00007fff52240000 	/System/Library/PrivateFrameworks/Lexicon.framework/Versions/A/Lexicon
0x00007fff61d24000 	/usr/lib/libcmph.dylib
0x00007fff367aa000 	/System/Library/Frameworks/OpenDirectory.framework/Versions/A/Frameworks/CFOpenDirectory.framework/Versions/A/CFOpenDirectory
0x00007fff367c7000 	/System/Library/Frameworks/OpenDirectory.framework/Versions/A/OpenDirectory
0x00007fff3ea95000 	/System/Library/PrivateFrameworks/APFS.framework/Versions/A/APFS
0x00007fff39e6f000 	/System/Library/Frameworks/SecurityFoundation.framework/Versions/A/SecurityFoundation
0x00007fff63ddb000 	/usr/lib/libutil.dylib
0x00007fff4603a000 	/System/Library/PrivateFrameworks/CoreServicesStore.framework/Versions/A/CoreServicesStore
0x00007fff39f27000 	/System/Library/Frameworks/ServiceManagement.framework/Versions/A/ServiceManagement
0x00007fff41f7d000 	/System/Library/PrivateFrameworks/BackgroundTaskManagement.framework/Versions/A/BackgroundTaskManagement
0x00007fff63ed8000 	/usr/lib/libxslt.1.dylib
0x00007fff40e2b000 	/System/Library/PrivateFrameworks/AppleSystemInfo.framework/Versions/A/AppleSystemInfo
0x00007fff30612000 	/System/Library/Frameworks/ImageIO.framework/Versions/A/Resources/libJPEG.dylib
0x00007fff308d1000 	/System/Library/Frameworks/ImageIO.framework/Versions/A/Resources/libTIFF.dylib
0x00007fff308b4000 	/System/Library/Frameworks/ImageIO.framework/Versions/A/Resources/libPng.dylib
0x00007fff30553000 	/System/Library/Frameworks/ImageIO.framework/Versions/A/Resources/libGIF.dylib
0x00007fff30557000 	/System/Library/Frameworks/ImageIO.framework/Versions/A/Resources/libJP2.dylib
0x00007fff308cf000 	/System/Library/Frameworks/ImageIO.framework/Versions/A/Resources/libRadiance.dylib
0x00007fff6275f000 	/usr/lib/libexpat.1.dylib
0x00007fff40921000 	/System/Library/PrivateFrameworks/AppleJPEG.framework/Versions/A/AppleJPEG
0x00007fff492a7000 	/System/Library/PrivateFrameworks/FontServices.framework/libFontParser.dylib
0x00007fff60131000 	/System/Library/PrivateFrameworks/WatchdogClient.framework/Versions/A/WatchdogClient
0x00007fff517fe000 	/System/Library/PrivateFrameworks/IOAccelerator.framework/Versions/A/IOAccelerator
0x00007fff32c91000 	/System/Library/Frameworks/MetalPerformanceShaders.framework/Versions/A/MetalPerformanceShaders
0x00007fff4dff5000 	/System/Library/PrivateFrameworks/GPUWrangler.framework/Versions/A/GPUWrangler
0x00007fff51809000 	/System/Library/PrivateFrameworks/IOPresentment.framework/Versions/A/IOPresentment
0x00007fff46d17000 	/System/Library/PrivateFrameworks/DSExternalDisplay.framework/Versions/A/DSExternalDisplay
0x00007fff37130000 	/System/Library/Frameworks/OpenGL.framework/Versions/A/Libraries/libCoreFSCache.dylib
0x00007fff329e3000 	/System/Library/Frameworks/MetalPerformanceShaders.framework/Frameworks/MPSCore.framework/Versions/A/MPSCore
0x00007fff32a20000 	/System/Library/Frameworks/MetalPerformanceShaders.framework/Frameworks/MPSImage.framework/Versions/A/MPSImage
0x00007fff32ae2000 	/System/Library/Frameworks/MetalPerformanceShaders.framework/Frameworks/MPSNeuralNetwork.framework/Versions/A/MPSNeuralNetwork
0x00007fff32aa7000 	/System/Library/Frameworks/MetalPerformanceShaders.framework/Frameworks/MPSMatrix.framework/Versions/A/MPSMatrix
0x00007fff32c42000 	/System/Library/Frameworks/MetalPerformanceShaders.framework/Frameworks/MPSRayIntersector.framework/Versions/A/MPSRayIntersector
0x00007fff32acc000 	/System/Library/Frameworks/MetalPerformanceShaders.framework/Frameworks/MPSNDArray.framework/Versions/A/MPSNDArray
0x00007fff5363a000 	/System/Library/PrivateFrameworks/MetalTools.framework/Versions/A/MetalTools
0x00007fff3fc4c000 	/System/Library/PrivateFrameworks/AggregateDictionary.framework/Versions/A/AggregateDictionary
0x00007fff447d7000 	/System/Library/PrivateFrameworks/CoreAnalytics.framework/Versions/A/CoreAnalytics
0x00007fff40d49000 	/System/Library/PrivateFrameworks/AppleSauce.framework/Versions/A/AppleSauce
0x00007fff61731000 	/usr/lib/libIOReport.dylib
0x00007fff2f4e1000 	/System/Library/Frameworks/CoreVideo.framework/Versions/A/CoreVideo
0x00007fff4f461000 	/System/Library/PrivateFrameworks/GraphVisualizer.framework/Versions/A/GraphVisualizer
0x00007fff48828000 	/System/Library/PrivateFrameworks/FaceCore.framework/Versions/A/FaceCore
0x00007fff36751000 	/System/Library/Frameworks/OpenCL.framework/Versions/A/OpenCL
0x00007fff61553000 	/usr/lib/libFosl_dynamic.dylib
0x00007fff54ae5000 	/System/Library/PrivateFrameworks/OTSVG.framework/Versions/A/OTSVG
0x00007fff2b5e0000 	/System/Library/Frameworks/ApplicationServices.framework/Versions/A/Frameworks/ATS.framework/Versions/A/Resources/libFontRegistry.dylib
0x00007fff49478000 	/System/Library/PrivateFrameworks/FontServices.framework/libhvf.dylib
0x00007fff3713b000 	/System/Library/Frameworks/OpenGL.framework/Versions/A/Libraries/libGFXShared.dylib
0x00007fff37318000 	/System/Library/Frameworks/OpenGL.framework/Versions/A/Libraries/libGLU.dylib
0x00007fff37144000 	/System/Library/Frameworks/OpenGL.framework/Versions/A/Libraries/libGL.dylib
0x00007fff3714f000 	/System/Library/Frameworks/OpenGL.framework/Versions/A/Libraries/libGLImage.dylib
0x00007fff3712d000 	/System/Library/Frameworks/OpenGL.framework/Versions/A/Libraries/libCVMSPluginSupport.dylib
0x00007fff37136000 	/System/Library/Frameworks/OpenGL.framework/Versions/A/Libraries/libCoreVMClient.dylib
0x00007fff631b2000 	/usr/lib/libncurses.5.4.dylib
0x00007fff2b4dc000 	/System/Library/Frameworks/ApplicationServices.framework/Versions/A/Frameworks/ATS.framework/Versions/A/ATS
0x00007fff2b6a9000 	/System/Library/Frameworks/ApplicationServices.framework/Versions/A/Frameworks/ColorSyncLegacy.framework/Versions/A/ColorSyncLegacy
0x00007fff2b748000 	/System/Library/Frameworks/ApplicationServices.framework/Versions/A/Frameworks/HIServices.framework/Versions/A/HIServices
0x00007fff2b79f000 	/System/Library/Frameworks/ApplicationServices.framework/Versions/A/Frameworks/LangAnalysis.framework/Versions/A/LangAnalysis
0x00007fff2b7ae000 	/System/Library/Frameworks/ApplicationServices.framework/Versions/A/Frameworks/PrintCore.framework/Versions/A/PrintCore
0x00007fff2b7f4000 	/System/Library/Frameworks/ApplicationServices.framework/Versions/A/Frameworks/QD.framework/Versions/A/QD
0x00007fff2b7ff000 	/System/Library/Frameworks/ApplicationServices.framework/Versions/A/Frameworks/SpeechSynthesis.framework/Versions/A/SpeechSynthesis
0x00007fff2b679000 	/System/Library/Frameworks/ApplicationServices.framework/Versions/A/Frameworks/ATSUI.framework/Versions/A/ATSUI
0x00007fff625f3000 	/usr/lib/libcups.2.dylib
0x00007fff31d40000 	/System/Library/Frameworks/Kerberos.framework/Versions/A/Kerberos
0x00007fff2ffc0000 	/System/Library/Frameworks/GSS.framework/Versions/A/GSS
0x00007fff63928000 	/usr/lib/libresolv.9.dylib
0x00007fff4f602000 	/System/Library/PrivateFrameworks/Heimdal.framework/Versions/A/Heimdal
0x00007fff31d53000 	/System/Library/Frameworks/Kerberos.framework/Versions/A/Libraries/libHeimdalProxy.dylib
0x00007fff6279d000 	/usr/lib/libheimdal-asn1.dylib
0x00007fff43c7d000 	/System/Library/PrivateFrameworks/CommonAuth.framework/Versions/A/CommonAuth
0x00007fff40ec8000 	/System/Library/PrivateFrameworks/AssertionServices.framework/Versions/A/AssertionServices
0x00007fff41a6b000 	/System/Library/PrivateFrameworks/AudioToolboxCore.framework/Versions/A/AudioToolboxCore
0x00007fff60d8b000 	/System/Library/PrivateFrameworks/caulk.framework/Versions/A/caulk
0x00007fff42029000 	/System/Library/PrivateFrameworks/BaseBoard.framework/Versions/A/BaseBoard
0x00007fff58bf9000 	/System/Library/PrivateFrameworks/RunningBoardServices.framework/Versions/A/RunningBoardServices
0x00007fff55cd3000 	/System/Library/PrivateFrameworks/PersistentConnection.framework/Versions/A/PersistentConnection
0x00007fff58648000 	/System/Library/PrivateFrameworks/ProtocolBuffer.framework/Versions/A/ProtocolBuffer
0x00007fff43ca2000 	/System/Library/PrivateFrameworks/CommonUtilities.framework/Versions/A/CommonUtilities
0x00007fff421ac000 	/System/Library/PrivateFrameworks/Bom.framework/Versions/A/Bom
0x00007fff61400000 	/usr/lib/libAudioToolboxUtility.dylib
0x00007fff41f87000 	/System/Library/PrivateFrameworks/Backup.framework/Versions/A/Backup
0x00007fff46a87000 	/System/Library/PrivateFrameworks/CrashReporterSupport.framework/Versions/A/CrashReporterSupport
0x00007fff5a6f0000 	/System/Library/PrivateFrameworks/Sharing.framework/Versions/A/Sharing
0x00007fff4066c000 	/System/Library/PrivateFrameworks/Apple80211.framework/Versions/A/Apple80211
0x00007fff41ca9000 	/System/Library/PrivateFrameworks/AuthKit.framework/Versions/A/AuthKit
0x00007fff467b7000 	/System/Library/PrivateFrameworks/CoreUtils.framework/Versions/A/CoreUtils
0x00007fff2f526000 	/System/Library/Frameworks/CoreWLAN.framework/Versions/A/CoreWLAN
0x00007fff3014b000 	/System/Library/Frameworks/IOBluetooth.framework/Versions/A/IOBluetooth
0x00007fff53938000 	/System/Library/PrivateFrameworks/MobileKeyBag.framework/Versions/A/MobileKeyBag
0x00007fff4588d000 	/System/Library/PrivateFrameworks/CorePhoneNumbers.framework/Versions/A/CorePhoneNumbers
0x00007fff408d4000 	/System/Library/PrivateFrameworks/AppleIDAuthSupport.framework/Versions/A/AppleIDAuthSupport
0x00007fff33be5000 	/System/Library/Frameworks/Network.framework/Versions/A/Network
0x00007fff51ff9000 	/System/Library/PrivateFrameworks/KeychainCircle.framework/Versions/A/KeychainCircle
0x00007fff2cf9b000 	/System/Library/Frameworks/CoreBluetooth.framework/Versions/A/CoreBluetooth
0x00007fff5c36c000 	/System/Library/PrivateFrameworks/SpeechRecognitionCore.framework/Versions/A/SpeechRecognitionCore
0x0000000106400000 	/Library/Java/JavaVirtualMachines/jdk1.8.0_211.jdk/Contents/Home/jre/lib/server/libjvm.dylib
0x00007fff63cad000 	/usr/lib/libstdc++.6.dylib
0x0000000105bbe000 	/Library/Java/JavaVirtualMachines/jdk1.8.0_211.jdk/Contents/Home/jre/lib/libverify.dylib
0x00000001073b9000 	/Library/Java/JavaVirtualMachines/jdk1.8.0_211.jdk/Contents/Home/jre/lib/libjava.dylib
0x0000000105bcd000 	/Library/Java/JavaVirtualMachines/jdk1.8.0_211.jdk/Contents/Home/jre/lib/libinstrument.dylib
0x0000000107460000 	/Library/Java/JavaVirtualMachines/jdk1.8.0_211.jdk/Contents/Home/jre/lib/libzip.dylib
0x000000011ebf1000 	/Library/Java/JavaVirtualMachines/jdk1.8.0_211.jdk/Contents/Home/jre/lib/libnet.dylib
0x000000011ed6a000 	/Library/Java/JavaVirtualMachines/jdk1.8.0_211.jdk/Contents/Home/jre/lib/libprism_es2.dylib
0x00007fff46006000 	/System/Library/PrivateFrameworks/CoreServicesInternal.framework/Versions/A/CoreServicesInternal
0x00007fff37d94000 	/System/Library/Frameworks/OpenGL.framework/Versions/A/Resources/GLEngine.bundle/GLEngine
0x00007fff37185000 	/System/Library/Frameworks/OpenGL.framework/Versions/A/Libraries/libGLProgrammability.dylib
0x00007fff2536b000 	/System/Library/Extensions/AppleIntelKBLGraphicsGLDriver.bundle/Contents/MacOS/AppleIntelKBLGraphicsGLDriver
0x00007fff4dfe9000 	/System/Library/PrivateFrameworks/GPUSupport.framework/Versions/A/Libraries/libGPUSupportMercury.dylib
0x00007fff37f0e000 	/System/Library/Frameworks/OpenGL.framework/Versions/A/Resources/GLRendererFloat.bundle/GLRendererFloat
0x00007fff36748000 	/System/Library/Frameworks/OpenCL.framework/Versions/A/Libraries/libcldcpuengine.dylib
0x00007fff621d8000 	/usr/lib/libcrypto.35.dylib
0x00007fff5d5a5000 	/System/Library/PrivateFrameworks/TrustEvaluationAgent.framework/Versions/A/TrustEvaluationAgent
0x000000011f250000 	/Library/Java/JavaVirtualMachines/jdk1.8.0_211.jdk/Contents/Home/jre/lib/libglass.dylib
0x00007fff2fa4d000 	/System/Library/Frameworks/FileProvider.framework/Versions/A/FileProvider
0x00007fff2a52b000 	/System/Library/Frameworks/Accounts.framework/Versions/A/Accounts
0x00007fff4e317000 	/System/Library/PrivateFrameworks/GenerationalStorage.framework/Versions/A/GenerationalStorage
0x00007fff4656b000 	/System/Library/PrivateFrameworks/CoreSymbolication.framework/Versions/A/CoreSymbolication
0x00007fff5cb9d000 	/System/Library/PrivateFrameworks/SymptomDiagnosticReporter.framework/Versions/A/SymptomDiagnosticReporter
0x00007fff4015d000 	/System/Library/PrivateFrameworks/AppContainer.framework/Versions/A/AppContainer
0x00007fff63942000 	/usr/lib/libsandbox.1.dylib
0x00007fff5f0cd000 	/System/Library/PrivateFrameworks/UserManagement.framework/Versions/A/UserManagement
0x00007fff42d6e000 	/System/Library/PrivateFrameworks/ChunkingLibrary.framework/Versions/A/ChunkingLibrary
0x00007fff46e4c000 	/System/Library/PrivateFrameworks/DebugSymbols.framework/Versions/A/DebugSymbols
0x00007fff401cf000 	/System/Library/PrivateFrameworks/AppSandbox.framework/Versions/A/AppSandbox
0x00007fff5a57a000 	/System/Library/PrivateFrameworks/SecCodeWrapper.framework/Versions/A/SecCodeWrapper
0x00007fff61817000 	/usr/lib/libMatch.1.dylib
0x00007fff21b4b000 	/System/Library/CoreServices/RawCamera.bundle/Contents/MacOS/RawCamera
0x00007fff53762000 	/System/Library/PrivateFrameworks/MobileAsset.framework/Versions/A/MobileAsset
0x00007fff5ca4b000 	/System/Library/PrivateFrameworks/StreamingZip.framework/Versions/A/StreamingZip
0x00007fff321bc000 	/System/Library/Frameworks/MediaToolbox.framework/Versions/A/MediaToolbox
0x00007fff44786000 	/System/Library/PrivateFrameworks/CoreAVCHD.framework/Versions/A/CoreAVCHD
0x00007fff320e6000 	/System/Library/Frameworks/MediaAccessibility.framework/Versions/A/MediaAccessibility
0x00007fff52b2d000 	/System/Library/PrivateFrameworks/Mangrove.framework/Versions/A/Mangrove
0x00007fff2e6f0000 	/System/Library/Frameworks/CoreMedia.framework/Versions/A/CoreMedia
0x00007fff52d99000 	/System/Library/PrivateFrameworks/MediaExperience.framework/Versions/A/MediaExperience
0x00007fff3afa2000 	/System/Library/Frameworks/VideoToolbox.framework/Versions/A/VideoToolbox
0x00007fff443b0000 	/System/Library/PrivateFrameworks/CoreAUC.framework/Versions/A/CoreAUC
0x00007fff6399a000 	/usr/lib/libspindump.dylib
0x00007fff41416000 	/System/Library/PrivateFrameworks/AudioResourceArbitration.framework/Versions/A/AudioResourceArbitration
0x00007fff40e2f000 	/System/Library/PrivateFrameworks/AppleVA.framework/Versions/A/AppleVA
0x00007fff29270000 	/System/Library/Frameworks/Accelerate.framework/Versions/A/Frameworks/vImage.framework/Versions/A/Libraries/libCGInterfaces.dylib
0x00000001203b5000 	/usr/lib/libobjc-trampolines.dylib
0x00007fff48c53000 	/System/Library/PrivateFrameworks/FamilyControls.framework/Versions/A/FamilyControls
0x00007fff43c71000 	/System/Library/PrivateFrameworks/CommerceKit.framework/Versions/A/Frameworks/CommerceCore.framework/Versions/A/CommerceCore
0x00007fff5cc18000 	/System/Library/PrivateFrameworks/SystemAdministration.framework/Versions/A/SystemAdministration
0x00007fff471f3000 	/System/Library/PrivateFrameworks/DiskManagement.framework/Versions/A/DiskManagement
0x00007fff2f777000 	/System/Library/Frameworks/DirectoryService.framework/Versions/A/DirectoryService
0x00007fff4712a000 	/System/Library/PrivateFrameworks/DiskImages.framework/Versions/A/DiskImages
0x00007fff52337000 	/System/Library/PrivateFrameworks/LoginUIKit.framework/Versions/A/Frameworks/LoginUICore.framework/Versions/A/LoginUICore
0x00007fff61480000 	/usr/lib/libCoreStorage.dylib
0x00007fff625e0000 	/usr/lib/libcsfde.dylib
0x00007fff63857000 	/usr/lib/libodfde.dylib
0x00007fff52e24000 	/System/Library/PrivateFrameworks/MediaKit.framework/Versions/A/MediaKit
0x00007fff2f783000 	/System/Library/Frameworks/DiscRecording.framework/Versions/A/DiscRecording
0x00007fff473a2000 	/System/Library/PrivateFrameworks/EFILogin.framework/Versions/A/EFILogin
0x00007fff585ed000 	/System/Library/PrivateFrameworks/ProtectedCloudStorage.framework/Versions/A/ProtectedCloudStorage
0x00007fff62654000 	/usr/lib/libcurl.4.dylib
0x00007fff624d9000 	/usr/lib/libcrypto.44.dylib
0x00007fff63c7d000 	/usr/lib/libssl.46.dylib
0x00007fff31d54000 	/System/Library/Frameworks/LDAP.framework/Versions/A/LDAP
0x00007fff63987000 	/usr/lib/libsasl2.2.dylib
0x00007fff44ac1000 	/System/Library/PrivateFrameworks/CoreDaemon.framework/Versions/B/CoreDaemon
0x00007fff40d44000 	/System/Library/PrivateFrameworks/AppleSRP.framework/Versions/A/AppleSRP
0x00007fff5fea1000 	/System/Library/PrivateFrameworks/ViewBridge.framework/Versions/A/ViewBridge
0x00007fff493df000 	/System/Library/PrivateFrameworks/FontServices.framework/libTrueTypeScaler.dylib
0x00007fff26194000 	/System/Library/Extensions/AppleIntelKBLGraphicsMTLDriver.bundle/Contents/MacOS/AppleIntelKBLGraphicsMTLDriver
0x00007fff4c94d000 	/System/Library/PrivateFrameworks/GPUCompiler.framework/Versions/3902/Libraries/libmetal_timestamp.dylib
0x0000000121533000 	/Library/Java/JavaVirtualMachines/jdk1.8.0_211.jdk/Contents/Home/jre/lib/libjavafx_font.dylib
0x00007fff610dd000 	/System/Library/PrivateFrameworks/login.framework/Versions/A/login
0x00007fff4f48d000 	/System/Library/PrivateFrameworks/HDRProcessing.framework/Versions/A/HDRProcessing
0x000000012031a000 	/Library/Java/JavaVirtualMachines/jdk1.8.0_211.jdk/Contents/Home/jre/lib/libprism_common.dylib
0x00000001238e4000 	/Library/Java/JavaVirtualMachines/jdk1.8.0_211.jdk/Contents/Home/jre/lib/libawt.dylib
0x000000012398d000 	/Library/Java/JavaVirtualMachines/jdk1.8.0_211.jdk/Contents/Home/jre/lib/libmlib_image.dylib
0x00007fff31d29000 	/System/Library/Frameworks/JavaVM.framework/Versions/A/Frameworks/JavaNativeFoundation.framework/Versions/A/JavaNativeFoundation
0x00007fff31d32000 	/System/Library/Frameworks/JavaVM.framework/Versions/A/Frameworks/JavaRuntimeSupport.framework/Versions/A/JavaRuntimeSupport
0x00007fff31d3b000 	/System/Library/Frameworks/JavaVM.framework/Versions/A/JavaVM
0x00007fff51e5c000 	/System/Library/PrivateFrameworks/JavaLaunching.framework/Versions/A/JavaLaunching
0x00007fff2c06b000 	/System/Library/Frameworks/Carbon.framework/Versions/A/Carbon
0x00007fff2c06c000 	/System/Library/Frameworks/Carbon.framework/Versions/A/Frameworks/CommonPanels.framework/Versions/A/CommonPanels
0x00007fff2c365000 	/System/Library/Frameworks/Carbon.framework/Versions/A/Frameworks/Help.framework/Versions/A/Help
0x00007fff2c369000 	/System/Library/Frameworks/Carbon.framework/Versions/A/Frameworks/ImageCapture.framework/Versions/A/ImageCapture
0x00007fff2c370000 	/System/Library/Frameworks/Carbon.framework/Versions/A/Frameworks/OpenScripting.framework/Versions/A/OpenScripting
0x00007fff2c36f000 	/System/Library/Frameworks/Carbon.framework/Versions/A/Frameworks/Ink.framework/Versions/A/Ink
0x00007fff2c3ab000 	/System/Library/Frameworks/Carbon.framework/Versions/A/Frameworks/Print.framework/Versions/A/Print
0x00007fff2c3ac000 	/System/Library/Frameworks/Carbon.framework/Versions/A/Frameworks/SecurityHI.framework/Versions/A/SecurityHI
0x0000000123a59000 	/Library/Java/JavaVirtualMachines/jdk1.8.0_211.jdk/Contents/Home/jre/lib/libawt_lwawt.dylib
0x000000012153d000 	/Library/Java/JavaVirtualMachines/jdk1.8.0_211.jdk/Contents/Home/jre/lib/libosxapp.dylib
0x00007fff2fa2e000 	/System/Library/Frameworks/ExceptionHandling.framework/Versions/A/ExceptionHandling

VM Arguments:
jvm_args: -javaagent:/Applications/IntelliJ IDEA CE.app/Contents/lib/idea_rt.jar=49161:/Applications/IntelliJ IDEA CE.app/Contents/bin -Dfile.encoding=UTF-8 
java_command: sample.GaProgram
java_class_path (initial): /Library/Java/JavaVirtualMachines/jdk1.8.0_211.jdk/Contents/Home/jre/lib/charsets.jar:/Library/Java/JavaVirtualMachines/jdk1.8.0_211.jdk/Contents/Home/jre/lib/deploy.jar:/Library/Java/JavaVirtualMachines/jdk1.8.0_211.jdk/Contents/Home/jre/lib/ext/cldrdata.jar:/Library/Java/JavaVirtualMachines/jdk1.8.0_211.jdk/Contents/Home/jre/lib/ext/dnsns.jar:/Library/Java/JavaVirtualMachines/jdk1.8.0_211.jdk/Contents/Home/jre/lib/ext/jaccess.jar:/Library/Java/JavaVirtualMachines/jdk1.8.0_211.jdk/Contents/Home/jre/lib/ext/jfxrt.jar:/Library/Java/JavaVirtualMachines/jdk1.8.0_211.jdk/Contents/Home/jre/lib/ext/localedata.jar:/Library/Java/JavaVirtualMachines/jdk1.8.0_211.jdk/Contents/Home/jre/lib/ext/nashorn.jar:/Library/Java/JavaVirtualMachines/jdk1.8.0_211.jdk/Contents/Home/jre/lib/ext/sunec.jar:/Library/Java/JavaVirtualMachines/jdk1.8.0_211.jdk/Contents/Home/jre/lib/ext/sunjce_provider.jar:/Library/Java/JavaVirtualMachines/jdk1.8.0_211.jdk/Contents/Home/jre/lib/ext/sunpkcs11.jar:/Library/Java/JavaVirtualMachines/jdk1.8.0_211.jdk/Contents/Home/jre/lib/ext/zipfs.jar:/Library/Java/JavaVirtualMachines/jdk1.8.0_211.jdk/Contents/Home/jre/lib/javaws.jar:/Library/Java/JavaVirtualMachines/jdk1.8.0_211.jdk/Contents/Home/jre/lib/jce.jar:/Library/Java/JavaVirtualMachines/jdk1.8.0_211.jdk/Contents/Home/jre/lib/jfr.jar:/Library/Java/JavaVirtualMachines/jdk1.8.0_211.jdk/Contents/Home/jre/lib/jfxswt.jar:/Library/Java/JavaVirtualMachines/jdk1.8.0_211.jdk/Contents/Home/jre/lib/jsse.jar:/Library/Java/JavaVirtualMachines/jdk1.8.0_211.jdk/Contents/Home/jre/lib/management-agent.jar:/Library/Java/JavaVirtualMachines/jdk1.8.0_211.jdk/Contents/Home/jre/lib/plugin.jar:/Library/Java/JavaVirtualMachines/jdk1.8.0_211.jdk/Contents/Home/jre/lib/resources.jar:/Library/Java/JavaVirtualMachines/jdk1.8.0_211.jdk/Contents/Home/jre/lib/rt.jar:/Library/Java/JavaVirtualMachines/jdk1.8.0_211.jdk/Contents/Home/lib/ant-javafx.jar:/Library/Java/JavaVirtualMachines/jdk1.8.0_211.jdk/Contents/Home
Launcher Type: SUN_STANDARD

Environment Variables:
PATH=/Users/robert/Desktop/flutter/bin:/usr/local/bin:/usr/bin:/bin:/usr/sbin:/sbin:/Users/robert/Library/Android/sdk/platform-tools/:/Users/robert/Desktop/flutter/.pub-cache/bin:/Users/robert/node_modules/.bin
SHELL=/bin/bash

Signal Handlers:
SIGSEGV: [libjvm.dylib+0x5b71a7], sa_mask[0]=11111111011111110111111111111111, sa_flags=SA_ONSTACK|SA_RESTART|SA_SIGINFO
SIGBUS: [libjvm.dylib+0x5b71a7], sa_mask[0]=11111111011111110111111111111111, sa_flags=SA_RESTART|SA_SIGINFO
SIGFPE: [libjvm.dylib+0x48c8fc], sa_mask[0]=11111111011111110111111111111111, sa_flags=SA_RESTART|SA_SIGINFO
SIGPIPE: [libjvm.dylib+0x48c8fc], sa_mask[0]=11111111011111110111111111111111, sa_flags=SA_RESTART|SA_SIGINFO
SIGXFSZ: [libjvm.dylib+0x48c8fc], sa_mask[0]=11111111011111110111111111111111, sa_flags=SA_RESTART|SA_SIGINFO
SIGILL: [libjvm.dylib+0x48c8fc], sa_mask[0]=11111111011111110111111111111111, sa_flags=SA_RESTART|SA_SIGINFO
SIGUSR1: SIG_DFL, sa_mask[0]=00000000000000000000000000000000, sa_flags=none
SIGUSR2: [libjvm.dylib+0x48c41a], sa_mask[0]=00100000000000000000000000000000, sa_flags=SA_RESTART|SA_SIGINFO
SIGHUP: [libjvm.dylib+0x48a9a5], sa_mask[0]=11111111011111110111111111111111, sa_flags=SA_RESTART|SA_SIGINFO
SIGINT: [libjvm.dylib+0x48a9a5], sa_mask[0]=11111111011111110111111111111111, sa_flags=SA_RESTART|SA_SIGINFO
SIGTERM: [libjvm.dylib+0x48a9a5], sa_mask[0]=11111111011111110111111111111111, sa_flags=SA_RESTART|SA_SIGINFO
SIGQUIT: [libjvm.dylib+0x48a9a5], sa_mask[0]=11111111011111110111111111111111, sa_flags=SA_RESTART|SA_SIGINFO


---------------  S Y S T E M  ---------------

OS:Bsduname:Darwin 19.2.0 Darwin Kernel Version 19.2.0: Sat Nov  9 03:47:04 PST 2019; root:xnu-6153.61.1~20/RELEASE_X86_64 x86_64
rlimit: STACK 8192k, CORE 0k, NPROC 1392, NOFILE 10240, AS infinity
load average:1.95 1.91 2.12

CPU:total 4 (initial active 4) (2 cores per cpu, 2 threads per core) family 6 model 142 stepping 9, cmov, cx8, fxsr, mmx, sse, sse2, sse3, ssse3, sse4.1, sse4.2, popcnt, avx, avx2, aes, clmul, erms, rtm, 3dnowpref, lzcnt, ht, tsc, tscinvbit, bmi1, bmi2, adx

Memory: 4k page, physical 8388608k(235552k free)

/proc/meminfo:


vm_info: Java HotSpot(TM) 64-Bit Server VM (25.211-b12) for bsd-amd64 JRE (1.8.0_211-b12), built on Apr  1 2019 20:53:18 by "java_re" with gcc 4.2.1 (Based on Apple Inc. build 5658) (LLVM build 2336.11.00)

time: Wed Dec 25 07:00:20 2019
timezone: +04
elapsed time: 1046 seconds (0d 0h 17m 26s)

